11:49:49.540 [Worker-12] INFO  o.a.AndroidAnnotationProcessor:85 - Initialize AndroidAnnotations 3.0.1 with options {phase=BUILD}
11:49:51.861 [Worker-12] INFO  o.a.AndroidAnnotationProcessor:85 - Initialize AndroidAnnotations 3.0.1 with options {phase=BUILD}
11:50:37.287 [Worker-10] INFO  o.a.AndroidAnnotationProcessor:85 - Initialize AndroidAnnotations 3.0.1 with options {phase=BUILD}
11:50:37.290 [Worker-10] INFO  o.a.AndroidAnnotationProcessor:109 - Start processing for 1 annotations on 1 elements
11:50:37.498 [Worker-10] DEBUG o.a.h.AndroidManifestFinder:137 - AndroidManifest.xml file found in parent folder E:\work\AnnotationDemo: E:\work\AnnotationDemo\AndroidManifest.xml
11:50:37.515 [Worker-10] INFO  o.a.AndroidAnnotationProcessor:172 - AndroidManifest.xml found: AndroidManifest [applicationPackage=com.example.annotationdemo, componentQualifiedNames=[com.example.annotationdemo.MainActivity], permissionQualifiedNames=[], applicationClassName=null, libraryProject=false, debugabble=false, minSdkVersion=8, maxSdkVersion=-1, targetSdkVersion=21]
11:50:37.517 [Worker-10] INFO  o.a.r.ProjectRClassFinder:50 - Found project R class: com.example.annotationdemo.R
11:50:37.569 [Worker-10] INFO  o.a.r.AndroidRClassFinder:44 - Found Android class: android.R
11:50:39.379 [Worker-10] INFO  o.a.p.ModelValidator:42 - Validating elements
11:50:39.381 [Worker-10] DEBUG o.a.p.ModelValidator:62 - Validating with EActivityHandler: [com.example.annotationdemo.MainActivity]
11:50:39.389 [Worker-10] ERROR o.a.h.AnnotationHelper:110 - The AndroidManifest.xml file contains the original component, and not the AndroidAnnotations generated component. Please register MainActivity_ instead of MainActivity
11:50:39.391 [Worker-10] WARN  o.a.p.ModelValidator:69 - Element EActivityHandler unvalidated by 
11:50:40.483 [Worker-10] INFO  o.a.p.ModelProcessor:73 - Processing root elements
11:50:40.484 [Worker-10] INFO  o.a.p.ModelProcessor:104 - Processing enclosed elements
11:50:40.554 [Worker-10] INFO  o.a.AndroidAnnotationProcessor:251 - Number of files generated by AndroidAnnotations: 0
11:50:40.557 [Worker-10] INFO  o.a.g.ApiCodeGenerator:52 - Writting following API classes in project: []
11:50:41.448 [Worker-10] INFO  o.a.p.TimeStats:81 - Time measurements: [Whole Processing = 4158 ms], [Process Annotations = 1094 ms], [Generate Sources = 962 ms], [Find R Classes = 628 ms], [Validate Annotations = 164 ms], [Extract Annotations = 149 ms], [Extract Manifest = 73 ms], 
11:50:41.449 [Worker-10] INFO  o.a.AndroidAnnotationProcessor:123 - Finish processing
11:50:54.923 [Worker-11] INFO  o.a.AndroidAnnotationProcessor:85 - Initialize AndroidAnnotations 3.0.1 with options {phase=BUILD}
11:51:12.37 [Worker-2] INFO  o.a.AndroidAnnotationProcessor:85 - Initialize AndroidAnnotations 3.0.1 with options {phase=BUILD}
11:51:12.45 [Worker-2] INFO  o.a.AndroidAnnotationProcessor:109 - Start processing for 1 annotations on 4 elements
11:51:12.78 [Worker-2] DEBUG o.a.h.AndroidManifestFinder:137 - AndroidManifest.xml file found in parent folder E:\work\AnnotationDemo: E:\work\AnnotationDemo\AndroidManifest.xml
11:51:12.83 [Worker-2] INFO  o.a.AndroidAnnotationProcessor:172 - AndroidManifest.xml found: AndroidManifest [applicationPackage=com.example.annotationdemo, componentQualifiedNames=[com.example.annotationdemo.MainActivity_], permissionQualifiedNames=[], applicationClassName=null, libraryProject=false, debugabble=false, minSdkVersion=8, maxSdkVersion=-1, targetSdkVersion=21]
11:51:12.84 [Worker-2] INFO  o.a.r.ProjectRClassFinder:50 - Found project R class: com.example.annotationdemo.R
11:51:12.107 [Worker-2] INFO  o.a.r.AndroidRClassFinder:44 - Found Android class: android.R
11:51:12.116 [Worker-2] INFO  o.a.p.ModelValidator:42 - Validating elements
11:51:12.117 [Worker-2] DEBUG o.a.p.ModelValidator:62 - Validating with EActivityHandler: [com.example.annotationdemo.MainActivity]
11:51:12.120 [Worker-2] INFO  o.a.p.ModelProcessor:73 - Processing root elements
11:51:12.121 [Worker-2] DEBUG o.a.p.ModelProcessor:80 - Processing root elements EActivityHandler: [com.example.annotationdemo.MainActivity]
11:51:12.272 [Worker-2] INFO  o.a.p.ModelProcessor:104 - Processing enclosed elements
11:51:12.273 [Worker-2] INFO  o.a.AndroidAnnotationProcessor:251 - Number of files generated by AndroidAnnotations: 1
11:51:12.274 [Worker-2] INFO  o.a.g.ApiCodeGenerator:52 - Writting following API classes in project: []
11:51:12.275 [Worker-2] DEBUG o.a.g.SourceCodewriter:55 - Generating class: com.example.annotationdemo.MainActivity_
11:51:12.380 [Worker-2] INFO  o.a.p.TimeStats:81 - Time measurements: [Whole Processing = 335 ms], [Process Annotations = 154 ms], [Generate Sources = 107 ms], [Extract Annotations = 31 ms], [Find R Classes = 31 ms], [Extract Manifest = 5 ms], [Validate Annotations = 3 ms], 
11:51:12.381 [Worker-2] INFO  o.a.AndroidAnnotationProcessor:123 - Finish processing
11:51:47.207 [Worker-10] INFO  o.a.AndroidAnnotationProcessor:85 - Initialize AndroidAnnotations 3.0.1 with options {phase=BUILD}
11:55:15.523 [Worker-13] INFO  o.a.AndroidAnnotationProcessor:85 - Initialize AndroidAnnotations 3.0.1 with options {phase=BUILD}
11:55:15.531 [Worker-13] INFO  o.a.AndroidAnnotationProcessor:109 - Start processing for 1 annotations on 1 elements
11:55:15.689 [Worker-13] DEBUG o.a.h.AndroidManifestFinder:137 - AndroidManifest.xml file found in parent folder E:\work\AnnotationDemo: E:\work\AnnotationDemo\AndroidManifest.xml
11:55:15.730 [Worker-13] INFO  o.a.AndroidAnnotationProcessor:172 - AndroidManifest.xml found: AndroidManifest [applicationPackage=com.example.annotationdemo, componentQualifiedNames=[com.example.annotationdemo.MainActivity_], permissionQualifiedNames=[], applicationClassName=null, libraryProject=false, debugabble=false, minSdkVersion=8, maxSdkVersion=-1, targetSdkVersion=21]
11:55:15.731 [Worker-13] INFO  o.a.r.ProjectRClassFinder:50 - Found project R class: com.example.annotationdemo.R
11:55:15.835 [Worker-13] INFO  o.a.r.AndroidRClassFinder:44 - Found Android class: android.R
11:55:15.871 [Worker-13] INFO  o.a.p.ModelValidator:42 - Validating elements
11:55:15.872 [Worker-13] DEBUG o.a.p.ModelValidator:62 - Validating with EActivityHandler: [com.example.annotationdemo.MainActivity]
11:55:15.874 [Worker-13] INFO  o.a.p.ModelProcessor:73 - Processing root elements
11:55:15.876 [Worker-13] DEBUG o.a.p.ModelProcessor:80 - Processing root elements EActivityHandler: [com.example.annotationdemo.MainActivity]
11:55:15.881 [Worker-13] INFO  o.a.p.ModelProcessor:104 - Processing enclosed elements
11:55:15.882 [Worker-13] INFO  o.a.AndroidAnnotationProcessor:251 - Number of files generated by AndroidAnnotations: 1
11:55:15.884 [Worker-13] INFO  o.a.g.ApiCodeGenerator:52 - Writting following API classes in project: []
11:55:15.886 [Worker-13] DEBUG o.a.g.SourceCodewriter:55 - Generating class: com.example.annotationdemo.MainActivity_
11:55:15.936 [Worker-13] INFO  o.a.p.TimeStats:81 - Time measurements: [Whole Processing = 405 ms], [Extract Annotations = 157 ms], [Find R Classes = 140 ms], [Generate Sources = 54 ms], [Extract Manifest = 41 ms], [Process Annotations = 8 ms], [Validate Annotations = 3 ms], 
11:55:15.938 [Worker-13] INFO  o.a.AndroidAnnotationProcessor:123 - Finish processing
11:55:47.47 [Worker-13] INFO  o.a.AndroidAnnotationProcessor:85 - Initialize AndroidAnnotations 3.0.1 with options {phase=BUILD}
11:55:48.565 [Worker-13] INFO  o.a.AndroidAnnotationProcessor:109 - Start processing for 1 annotations on 2 elements
11:55:49.183 [Worker-13] DEBUG o.a.h.AndroidManifestFinder:137 - AndroidManifest.xml file found in parent folder E:\work\AnnotationDemo: E:\work\AnnotationDemo\AndroidManifest.xml
11:55:49.201 [Worker-13] INFO  o.a.AndroidAnnotationProcessor:172 - AndroidManifest.xml found: AndroidManifest [applicationPackage=com.example.annotationdemo, componentQualifiedNames=[com.example.annotationdemo.MainActivity_], permissionQualifiedNames=[], applicationClassName=null, libraryProject=false, debugabble=false, minSdkVersion=8, maxSdkVersion=-1, targetSdkVersion=21]
11:55:49.202 [Worker-13] INFO  o.a.r.ProjectRClassFinder:50 - Found project R class: com.example.annotationdemo.R
11:55:49.216 [Worker-13] INFO  o.a.r.AndroidRClassFinder:44 - Found Android class: android.R
11:55:49.301 [Worker-13] INFO  o.a.p.ModelValidator:42 - Validating elements
11:55:49.303 [Worker-13] DEBUG o.a.p.ModelValidator:62 - Validating with EActivityHandler: [com.example.annotationdemo.MainActivity]
11:55:49.304 [Worker-13] INFO  o.a.p.ModelProcessor:73 - Processing root elements
11:55:49.306 [Worker-13] DEBUG o.a.p.ModelProcessor:80 - Processing root elements EActivityHandler: [com.example.annotationdemo.MainActivity]
11:55:49.333 [Worker-13] INFO  o.a.p.ModelProcessor:104 - Processing enclosed elements
11:55:49.334 [Worker-13] INFO  o.a.AndroidAnnotationProcessor:251 - Number of files generated by AndroidAnnotations: 1
11:55:49.335 [Worker-13] INFO  o.a.g.ApiCodeGenerator:52 - Writting following API classes in project: []
11:55:49.336 [Worker-13] DEBUG o.a.g.SourceCodewriter:55 - Generating class: com.example.annotationdemo.MainActivity_
11:55:49.356 [Worker-13] INFO  o.a.p.TimeStats:81 - Time measurements: [Whole Processing = 791 ms], [Extract Annotations = 616 ms], [Find R Classes = 99 ms], [Process Annotations = 30 ms], [Generate Sources = 22 ms], [Extract Manifest = 19 ms], [Validate Annotations = 3 ms], 
11:55:49.359 [Worker-13] INFO  o.a.AndroidAnnotationProcessor:123 - Finish processing
12:01:00.124 [Worker-11] INFO  o.a.AndroidAnnotationProcessor:85 - Initialize AndroidAnnotations 3.0.1 with options {phase=BUILD}
12:01:00.145 [Worker-11] INFO  o.a.AndroidAnnotationProcessor:109 - Start processing for 4 annotations on 1 elements
12:01:00.464 [Worker-11] DEBUG o.a.h.AndroidManifestFinder:137 - AndroidManifest.xml file found in parent folder E:\work\AnnotationDemo: E:\work\AnnotationDemo\AndroidManifest.xml
12:01:00.486 [Worker-11] INFO  o.a.AndroidAnnotationProcessor:172 - AndroidManifest.xml found: AndroidManifest [applicationPackage=com.example.annotationdemo, componentQualifiedNames=[com.example.annotationdemo.MainActivity_], permissionQualifiedNames=[], applicationClassName=null, libraryProject=false, debugabble=false, minSdkVersion=8, maxSdkVersion=-1, targetSdkVersion=21]
12:01:00.488 [Worker-11] INFO  o.a.r.ProjectRClassFinder:50 - Found project R class: com.example.annotationdemo.R
12:01:00.559 [Worker-11] INFO  o.a.r.AndroidRClassFinder:44 - Found Android class: android.R
12:01:00.578 [Worker-11] INFO  o.a.p.ModelValidator:42 - Validating elements
12:01:00.579 [Worker-11] DEBUG o.a.p.ModelValidator:62 - Validating with EActivityHandler: [com.example.annotationdemo.MainActivity]
12:01:00.581 [Worker-11] DEBUG o.a.p.ModelValidator:62 - Validating with ViewByIdHandler: [tv]
12:01:00.604 [Worker-11] DEBUG o.a.p.ModelValidator:62 - Validating with ClickHandler: [void onClick() ]
12:01:00.608 [Worker-11] DEBUG o.a.p.ModelValidator:62 - Validating with AfterViewsHandler: [void afterView() ]
12:01:00.610 [Worker-11] INFO  o.a.p.ModelProcessor:73 - Processing root elements
12:01:00.611 [Worker-11] DEBUG o.a.p.ModelProcessor:80 - Processing root elements EActivityHandler: [com.example.annotationdemo.MainActivity]
12:01:00.614 [Worker-11] INFO  o.a.p.ModelProcessor:104 - Processing enclosed elements
12:01:00.619 [Worker-11] INFO  o.a.AndroidAnnotationProcessor:251 - Number of files generated by AndroidAnnotations: 1
12:01:00.620 [Worker-11] INFO  o.a.g.ApiCodeGenerator:52 - Writting following API classes in project: []
12:01:00.621 [Worker-11] DEBUG o.a.g.SourceCodewriter:55 - Generating class: com.example.annotationdemo.MainActivity_
12:01:00.679 [Worker-11] INFO  o.a.p.TimeStats:81 - Time measurements: [Whole Processing = 534 ms], [Extract Annotations = 317 ms], [Find R Classes = 89 ms], [Generate Sources = 60 ms], [Validate Annotations = 32 ms], [Extract Manifest = 22 ms], [Process Annotations = 9 ms], 
12:01:00.680 [Worker-11] INFO  o.a.AndroidAnnotationProcessor:123 - Finish processing
12:01:02.21 [Worker-11] INFO  o.a.AndroidAnnotationProcessor:85 - Initialize AndroidAnnotations 3.0.1 with options {phase=BUILD}
12:01:02.23 [Worker-11] INFO  o.a.AndroidAnnotationProcessor:109 - Start processing for 4 annotations on 1 elements
12:01:02.57 [Worker-11] DEBUG o.a.h.AndroidManifestFinder:137 - AndroidManifest.xml file found in parent folder E:\work\AnnotationDemo: E:\work\AnnotationDemo\AndroidManifest.xml
12:01:02.61 [Worker-11] INFO  o.a.AndroidAnnotationProcessor:172 - AndroidManifest.xml found: AndroidManifest [applicationPackage=com.example.annotationdemo, componentQualifiedNames=[com.example.annotationdemo.MainActivity_], permissionQualifiedNames=[], applicationClassName=null, libraryProject=false, debugabble=false, minSdkVersion=8, maxSdkVersion=-1, targetSdkVersion=21]
12:01:02.64 [Worker-11] INFO  o.a.r.ProjectRClassFinder:50 - Found project R class: com.example.annotationdemo.R
12:01:02.78 [Worker-11] INFO  o.a.r.AndroidRClassFinder:44 - Found Android class: android.R
12:01:02.90 [Worker-11] INFO  o.a.p.ModelValidator:42 - Validating elements
12:01:02.92 [Worker-11] DEBUG o.a.p.ModelValidator:62 - Validating with EActivityHandler: [com.example.annotationdemo.MainActivity]
12:01:02.93 [Worker-11] DEBUG o.a.p.ModelValidator:62 - Validating with ViewByIdHandler: [tv]
12:01:02.95 [Worker-11] DEBUG o.a.p.ModelValidator:62 - Validating with ClickHandler: [void onClick() ]
12:01:02.96 [Worker-11] DEBUG o.a.p.ModelValidator:62 - Validating with AfterViewsHandler: [void afterView() ]
12:01:02.98 [Worker-11] INFO  o.a.p.ModelProcessor:73 - Processing root elements
12:01:02.101 [Worker-11] DEBUG o.a.p.ModelProcessor:80 - Processing root elements EActivityHandler: [com.example.annotationdemo.MainActivity]
12:01:02.107 [Worker-11] INFO  o.a.p.ModelProcessor:104 - Processing enclosed elements
12:01:02.109 [Worker-11] INFO  o.a.AndroidAnnotationProcessor:251 - Number of files generated by AndroidAnnotations: 1
12:01:02.110 [Worker-11] INFO  o.a.g.ApiCodeGenerator:52 - Writting following API classes in project: []
12:01:02.111 [Worker-11] DEBUG o.a.g.SourceCodewriter:55 - Generating class: com.example.annotationdemo.MainActivity_
12:01:02.116 [Worker-11] INFO  o.a.p.TimeStats:81 - Time measurements: [Whole Processing = 93 ms], [Extract Annotations = 32 ms], [Find R Classes = 26 ms], [Process Annotations = 11 ms], [Validate Annotations = 8 ms], [Generate Sources = 7 ms], [Extract Manifest = 4 ms], 
12:01:02.118 [Worker-11] INFO  o.a.AndroidAnnotationProcessor:123 - Finish processing
